<?xml version="1.0" encoding="UTF-8"?>
<!-- Generated by org.testng.reporters.JUnitReportReporter -->
<testsuite hostname="LAPTOP-BN63LUHG" failures="0" tests="3" name="com.testng_Learn.Learn_TestNG1" time="0.010" errors="0" timestamp="5 Dec 2020 10:26:22 GMT">
  <testcase classname="com.testng_Learn.Learn_TestNG1" name="testCase3" time="0.004"/>
  <testcase classname="com.testng_Learn.Learn_TestNG1" name="testCase4" time="0.003"/>
  <testcase classname="com.testng_Learn.Learn_TestNG1" name="testCase2" time="0.003"/>
</testsuite> <!-- com.testng_Learn.Learn_TestNG1 -->
