<?xml version="1.0" encoding="UTF-8"?>
<!-- Generated by org.testng.reporters.JUnitReportReporter -->
<testsuite hostname="LAPTOP-BN63LUHG" failures="0" tests="1" name="com.Selenium_TestNG.SkyScanner" time="7.400" errors="0" timestamp="16 Dec 2020 14:14:48 GMT">
  <testcase classname="com.Selenium_TestNG.SkyScanner" name="fill_From_To" time="7.400"/>
</testsuite> <!-- com.Selenium_TestNG.SkyScanner -->
